<?xml version="1.0" encoding="UTF-8"?>
<coverage generated="1743674864532" clover="3.2.0">
  <project timestamp="1743674864532" name="All files">
    <metrics statements="60" coveredstatements="55" conditionals="23" coveredconditionals="16" methods="8" coveredmethods="8" elements="91" coveredelements="79" complexity="0" loc="60" ncloc="60" packages="1" files="5" classes="5"/>
    <file name="APIException.ts" path="/Users/ert_macbook_99/Desktop/linhhv/nodejs-unit-test/APIException.ts">
      <metrics statements="1" coveredstatements="1" conditionals="0" coveredconditionals="0" methods="0" coveredmethods="0"/>
      <line num="1" count="1" type="stmt"/>
    </file>
    <file name="APIResponse.ts" path="/Users/ert_macbook_99/Desktop/linhhv/nodejs-unit-test/APIResponse.ts">
      <metrics statements="3" coveredstatements="3" conditionals="0" coveredconditionals="0" methods="1" coveredmethods="1"/>
      <line num="3" count="1" type="stmt"/>
      <line num="8" count="1" type="stmt"/>
      <line num="9" count="1" type="stmt"/>
    </file>
    <file name="DatabaseException.ts" path="/Users/ert_macbook_99/Desktop/linhhv/nodejs-unit-test/DatabaseException.ts">
      <metrics statements="1" coveredstatements="1" conditionals="0" coveredconditionals="0" methods="0" coveredmethods="0"/>
      <line num="1" count="1" type="stmt"/>
    </file>
    <file name="Order.ts" path="/Users/ert_macbook_99/Desktop/linhhv/nodejs-unit-test/Order.ts">
      <metrics statements="7" coveredstatements="7" conditionals="0" coveredconditionals="0" methods="1" coveredmethods="1"/>
      <line num="1" count="1" type="stmt"/>
      <line num="10" count="9" type="stmt"/>
      <line num="11" count="9" type="stmt"/>
      <line num="12" count="9" type="stmt"/>
      <line num="13" count="9" type="stmt"/>
      <line num="14" count="9" type="stmt"/>
      <line num="15" count="9" type="stmt"/>
    </file>
    <file name="OrderProcessingService.ts" path="/Users/ert_macbook_99/Desktop/linhhv/nodejs-unit-test/OrderProcessingService.ts">
      <metrics statements="48" coveredstatements="43" conditionals="23" coveredconditionals="16" methods="6" coveredmethods="6"/>
      <line num="4" count="1" type="stmt"/>
      <line num="5" count="1" type="stmt"/>
      <line num="6" count="1" type="stmt"/>
      <line num="8" count="1" type="stmt"/>
      <line num="13" count="8" type="stmt"/>
      <line num="14" count="8" type="stmt"/>
      <line num="18" count="8" type="stmt"/>
      <line num="19" count="8" type="stmt"/>
      <line num="21" count="7" type="stmt"/>
      <line num="22" count="7" type="cond" truecount="4" falsecount="0"/>
      <line num="24" count="2" type="stmt"/>
      <line num="25" count="2" type="stmt"/>
      <line num="27" count="2" type="stmt"/>
      <line num="28" count="2" type="stmt"/>
      <line num="30" count="2" type="cond" truecount="2" falsecount="0"/>
      <line num="31" count="2" type="stmt"/>
      <line num="33" count="1" type="stmt"/>
      <line num="34" count="1" type="stmt"/>
      <line num="37" count="7" type="cond" truecount="1" falsecount="1"/>
      <line num="39" count="7" type="stmt"/>
      <line num="40" count="7" type="stmt"/>
      <line num="46" count="1" type="cond" truecount="1" falsecount="0"/>
      <line num="47" count="1" type="stmt"/>
      <line num="52" count="7" type="stmt"/>
      <line num="53" count="7" type="stmt"/>
      <line num="55" count="7" type="stmt"/>
      <line num="57" count="1" type="stmt"/>
      <line num="62" count="2" type="stmt"/>
      <line num="63" count="2" type="stmt"/>
      <line num="64" count="2" type="stmt"/>
      <line num="65" count="2" type="stmt"/>
      <line num="66" count="2" type="stmt"/>
      <line num="72" count="2" type="cond" truecount="1" falsecount="0"/>
      <line num="73" count="1" type="stmt"/>
      <line num="75" count="2" type="stmt"/>
      <line num="76" count="2" type="stmt"/>
      <line num="78" count="0" type="stmt"/>
      <line num="83" count="2" type="stmt"/>
      <line num="84" count="2" type="stmt"/>
      <line num="85" count="1" type="cond" truecount="1" falsecount="1"/>
      <line num="86" count="1" type="cond" truecount="3" falsecount="1"/>
      <line num="87" count="1" type="stmt"/>
      <line num="88" count="0" type="cond" truecount="0" falsecount="4"/>
      <line num="89" count="0" type="stmt"/>
      <line num="91" count="0" type="stmt"/>
      <line num="94" count="0" type="stmt"/>
      <line num="97" count="1" type="cond" truecount="1" falsecount="0"/>
      <line num="98" count="1" type="stmt"/>
    </file>
  </project>
</coverage>
