{"/Users/ert_macbook_99/Desktop/linhhv/nodejs-unit-test/APIException.ts": {"path":"/Users/ert_macbook_99/Desktop/linhhv/nodejs-unit-test/APIException.ts","statementMap":{"0":{"start":{"line":1,"column":0},"end":{"line":1,"column":13}}},"fnMap":{},"branchMap":{},"s":{"0":1},"f":{},"b":{}}
,"/Users/ert_macbook_99/Desktop/linhhv/nodejs-unit-test/APIResponse.ts": {"path":"/Users/ert_macbook_99/Desktop/linhhv/nodejs-unit-test/APIResponse.ts","statementMap":{"0":{"start":{"line":8,"column":8},"end":{"line":8,"column":29}},"1":{"start":{"line":9,"column":8},"end":{"line":9,"column":25}},"2":{"start":{"line":3,"column":0},"end":{"line":3,"column":13}}},"fnMap":{"0":{"name":"(anonymous_0)","decl":{"start":{"line":7,"column":4},"end":{"line":7,"column":16}},"loc":{"start":{"line":7,"column":43},"end":{"line":10,"column":5}}}},"branchMap":{},"s":{"0":1,"1":1,"2":1},"f":{"0":1},"b":{}}
,"/Users/ert_macbook_99/Desktop/linhhv/nodejs-unit-test/DatabaseException.ts": {"path":"/Users/ert_macbook_99/Desktop/linhhv/nodejs-unit-test/DatabaseException.ts","statementMap":{"0":{"start":{"line":1,"column":0},"end":{"line":1,"column":13}}},"fnMap":{},"branchMap":{},"s":{"0":1},"f":{},"b":{}}
,"/Users/ert_macbook_99/Desktop/linhhv/nodejs-unit-test/Order.ts": {"path":"/Users/ert_macbook_99/Desktop/linhhv/nodejs-unit-test/Order.ts","statementMap":{"0":{"start":{"line":10,"column":6},"end":{"line":10,"column":19}},"1":{"start":{"line":11,"column":6},"end":{"line":11,"column":23}},"2":{"start":{"line":12,"column":6},"end":{"line":12,"column":27}},"3":{"start":{"line":13,"column":6},"end":{"line":13,"column":23}},"4":{"start":{"line":14,"column":6},"end":{"line":14,"column":26}},"5":{"start":{"line":15,"column":6},"end":{"line":15,"column":28}},"6":{"start":{"line":1,"column":0},"end":{"line":1,"column":13}}},"fnMap":{"0":{"name":"(anonymous_0)","decl":{"start":{"line":9,"column":2},"end":{"line":9,"column":14}},"loc":{"start":{"line":9,"column":69},"end":{"line":16,"column":3}}}},"branchMap":{},"s":{"0":9,"1":9,"2":9,"3":9,"4":9,"5":9,"6":1},"f":{"0":9},"b":{}}
,"/Users/ert_macbook_99/Desktop/linhhv/nodejs-unit-test/OrderProcessingService.ts": {"path":"/Users/ert_macbook_99/Desktop/linhhv/nodejs-unit-test/OrderProcessingService.ts","statementMap":{"0":{"start":{"line":4,"column":0},"end":{"line":4,"column":46}},"1":{"start":{"line":5,"column":0},"end":{"line":5,"column":56}},"2":{"start":{"line":6,"column":0},"end":{"line":6,"column":25}},"3":{"start":{"line":13,"column":2},"end":{"line":13,"column":29}},"4":{"start":{"line":14,"column":2},"end":{"line":14,"column":29}},"5":{"start":{"line":18,"column":2},"end":{"line":58,"column":3}},"6":{"start":{"line":19,"column":18},"end":{"line":19,"column":62}},"7":{"start":{"line":21,"column":24},"end":{"line":50,"column":5}},"8":{"start":{"line":21,"column":47},"end":{"line":50,"column":5}},"9":{"start":{"line":22,"column":4},"end":{"line":35,"column":5}},"10":{"start":{"line":24,"column":6},"end":{"line":24,"column":45}},"11":{"start":{"line":25,"column":6},"end":{"line":25,"column":12}},"12":{"start":{"line":27,"column":6},"end":{"line":27,"column":37}},"13":{"start":{"line":28,"column":6},"end":{"line":28,"column":12}},"14":{"start":{"line":30,"column":6},"end":{"line":30,"column":62}},"15":{"start":{"line":31,"column":6},"end":{"line":31,"column":12}},"16":{"start":{"line":33,"column":6},"end":{"line":33,"column":36}},"17":{"start":{"line":34,"column":6},"end":{"line":34,"column":12}},"18":{"start":{"line":37,"column":4},"end":{"line":37,"column":57}},"19":{"start":{"line":39,"column":4},"end":{"line":49,"column":5}},"20":{"start":{"line":40,"column":5},"end":{"line":44,"column":7}},"21":{"start":{"line":46,"column":5},"end":{"line":48,"column":6}},"22":{"start":{"line":47,"column":6},"end":{"line":47,"column":32}},"23":{"start":{"line":52,"column":3},"end":{"line":54,"column":4}},"24":{"start":{"line":53,"column":4},"end":{"line":53,"column":30}},"25":{"start":{"line":55,"column":3},"end":{"line":55,"column":17}},"26":{"start":{"line":57,"column":3},"end":{"line":57,"column":16}},"27":{"start":{"line":62,"column":18},"end":{"line":62,"column":61}},"28":{"start":{"line":63,"column":2},"end":{"line":79,"column":3}},"29":{"start":{"line":64,"column":22},"end":{"line":64,"column":51}},"30":{"start":{"line":65,"column":3},"end":{"line":65,"column":61}},"31":{"start":{"line":66,"column":3},"end":{"line":70,"column":5}},"32":{"start":{"line":72,"column":3},"end":{"line":74,"column":4}},"33":{"start":{"line":73,"column":4},"end":{"line":73,"column":52}},"34":{"start":{"line":75,"column":3},"end":{"line":75,"column":20}},"35":{"start":{"line":76,"column":3},"end":{"line":76,"column":29}},"36":{"start":{"line":78,"column":3},"end":{"line":78,"column":34}},"37":{"start":{"line":83,"column":2},"end":{"line":100,"column":3}},"38":{"start":{"line":84,"column":23},"end":{"line":84,"column":61}},"39":{"start":{"line":85,"column":3},"end":{"line":95,"column":4}},"40":{"start":{"line":86,"column":4},"end":{"line":92,"column":5}},"41":{"start":{"line":87,"column":5},"end":{"line":87,"column":32}},"42":{"start":{"line":88,"column":11},"end":{"line":92,"column":5}},"43":{"start":{"line":89,"column":5},"end":{"line":89,"column":30}},"44":{"start":{"line":91,"column":5},"end":{"line":91,"column":28}},"45":{"start":{"line":94,"column":4},"end":{"line":94,"column":31}},"46":{"start":{"line":97,"column":3},"end":{"line":99,"column":4}},"47":{"start":{"line":98,"column":4},"end":{"line":98,"column":33}},"48":{"start":{"line":8,"column":0},"end":{"line":8,"column":13}}},"fnMap":{"0":{"name":"(anonymous_7)","decl":{"start":{"line":12,"column":1},"end":{"line":12,"column":13}},"loc":{"start":{"line":12,"column":61},"end":{"line":15,"column":2}}},"1":{"name":"(anonymous_8)","decl":{"start":{"line":17,"column":7},"end":{"line":17,"column":20}},"loc":{"start":{"line":17,"column":35},"end":{"line":59,"column":null}}},"2":{"name":"(anonymous_10)","decl":{"start":{"line":21,"column":24},"end":{"line":21,"column":31}},"loc":{"start":{"line":21,"column":47},"end":{"line":50,"column":5}}},"3":{"name":"(anonymous_11)","decl":{"start":{"line":21,"column":47},"end":{"line":21,"column":null}},"loc":{"start":{"line":21,"column":47},"end":{"line":50,"column":4}}},"4":{"name":"(anonymous_12)","decl":{"start":{"line":61,"column":15},"end":{"line":61,"column":27}},"loc":{"start":{"line":61,"column":56},"end":{"line":80,"column":null}}},"5":{"name":"(anonymous_14)","decl":{"start":{"line":82,"column":15},"end":{"line":82,"column":27}},"loc":{"start":{"line":82,"column":40},"end":{"line":101,"column":null}}}},"branchMap":{"0":{"loc":{"start":{"line":22,"column":4},"end":{"line":35,"column":5}},"type":"switch","locations":[{"start":{"line":23,"column":5},"end":{"line":25,"column":12}},{"start":{"line":26,"column":5},"end":{"line":28,"column":12}},{"start":{"line":29,"column":5},"end":{"line":31,"column":12}},{"start":{"line":32,"column":5},"end":{"line":34,"column":12}}]},"1":{"loc":{"start":{"line":30,"column":21},"end":{"line":30,"column":61}},"type":"cond-expr","locations":[{"start":{"line":30,"column":34},"end":{"line":30,"column":45}},{"start":{"line":30,"column":48},"end":{"line":30,"column":61}}]},"2":{"loc":{"start":{"line":37,"column":21},"end":{"line":37,"column":56}},"type":"cond-expr","locations":[{"start":{"line":37,"column":42},"end":{"line":37,"column":48}},{"start":{"line":37,"column":51},"end":{"line":37,"column":56}}]},"3":{"loc":{"start":{"line":46,"column":5},"end":{"line":48,"column":6}},"type":"if","locations":[{"start":{"line":46,"column":5},"end":{"line":48,"column":6}}]},"4":{"loc":{"start":{"line":68,"column":5},"end":{"line":68,"column":null}},"type":"cond-expr","locations":[{"start":{"line":68,"column":18},"end":{"line":68,"column":24}},{"start":{"line":68,"column":27},"end":{"line":68,"column":null}}]},"5":{"loc":{"start":{"line":72,"column":3},"end":{"line":74,"column":4}},"type":"if","locations":[{"start":{"line":72,"column":3},"end":{"line":74,"column":4}}]},"6":{"loc":{"start":{"line":85,"column":3},"end":{"line":95,"column":4}},"type":"if","locations":[{"start":{"line":85,"column":3},"end":{"line":95,"column":4}},{"start":{"line":93,"column":10},"end":{"line":95,"column":4}}]},"7":{"loc":{"start":{"line":86,"column":4},"end":{"line":92,"column":5}},"type":"if","locations":[{"start":{"line":86,"column":4},"end":{"line":92,"column":5}},{"start":{"line":88,"column":11},"end":{"line":92,"column":5}}]},"8":{"loc":{"start":{"line":86,"column":8},"end":{"line":86,"column":59}},"type":"binary-expr","locations":[{"start":{"line":86,"column":8},"end":{"line":86,"column":37}},{"start":{"line":86,"column":41},"end":{"line":86,"column":59}}]},"9":{"loc":{"start":{"line":88,"column":11},"end":{"line":92,"column":5}},"type":"if","locations":[{"start":{"line":88,"column":11},"end":{"line":92,"column":5}},{"start":{"line":90,"column":11},"end":{"line":92,"column":5}}]},"10":{"loc":{"start":{"line":88,"column":15},"end":{"line":88,"column":57}},"type":"binary-expr","locations":[{"start":{"line":88,"column":15},"end":{"line":88,"column":43}},{"start":{"line":88,"column":47},"end":{"line":88,"column":57}}]},"11":{"loc":{"start":{"line":97,"column":3},"end":{"line":99,"column":4}},"type":"if","locations":[{"start":{"line":97,"column":3},"end":{"line":99,"column":4}}]}},"s":{"0":1,"1":1,"2":1,"3":8,"4":8,"5":8,"6":8,"7":7,"8":7,"9":7,"10":2,"11":2,"12":2,"13":2,"14":2,"15":2,"16":1,"17":1,"18":7,"19":7,"20":7,"21":1,"22":1,"23":7,"24":7,"25":7,"26":1,"27":2,"28":2,"29":2,"30":2,"31":2,"32":2,"33":1,"34":2,"35":2,"36":0,"37":2,"38":2,"39":1,"40":1,"41":1,"42":0,"43":0,"44":0,"45":0,"46":1,"47":1,"48":1},"f":{"0":8,"1":8,"2":7,"3":7,"4":2,"5":2},"b":{"0":[2,2,2,1],"1":[1,1],"2":[0,7],"3":[1],"4":[1,1],"5":[1],"6":[1,0],"7":[1,0],"8":[1,1],"9":[0,0],"10":[0,0],"11":[1]}}
}
