TN:
SF:APIException.ts
FNF:0
FNH:0
DA:1,1
LF:1
LH:1
BRF:0
BRH:0
end_of_record
TN:
SF:APIResponse.ts
FN:7,(anonymous_0)
FNF:1
FNH:1
FNDA:1,(anonymous_0)
DA:3,1
DA:8,1
DA:9,1
LF:3
LH:3
BRF:0
BRH:0
end_of_record
TN:
SF:DatabaseException.ts
FNF:0
FNH:0
DA:1,1
LF:1
LH:1
BRF:0
BRH:0
end_of_record
TN:
SF:Order.ts
FN:9,(anonymous_0)
FNF:1
FNH:1
FNDA:9,(anonymous_0)
DA:1,1
DA:10,9
DA:11,9
DA:12,9
DA:13,9
DA:14,9
DA:15,9
LF:7
LH:7
BRF:0
BRH:0
end_of_record
TN:
SF:OrderProcessingService.ts
FN:12,(anonymous_7)
FN:17,(anonymous_8)
FN:21,(anonymous_10)
FN:21,(anonymous_11)
FN:61,(anonymous_12)
FN:82,(anonymous_14)
FNF:6
FNH:6
FNDA:8,(anonymous_7)
FNDA:8,(anonymous_8)
FNDA:7,(anonymous_10)
FNDA:7,(anonymous_11)
FNDA:2,(anonymous_12)
FNDA:2,(anonymous_14)
DA:4,1
DA:5,1
DA:6,1
DA:8,1
DA:13,8
DA:14,8
DA:18,8
DA:19,8
DA:21,7
DA:22,7
DA:24,2
DA:25,2
DA:27,2
DA:28,2
DA:30,2
DA:31,2
DA:33,1
DA:34,1
DA:37,7
DA:39,7
DA:40,7
DA:46,1
DA:47,1
DA:52,7
DA:53,7
DA:55,7
DA:57,1
DA:62,2
DA:63,2
DA:64,2
DA:65,2
DA:66,2
DA:72,2
DA:73,1
DA:75,2
DA:76,2
DA:78,0
DA:83,2
DA:84,2
DA:85,1
DA:86,1
DA:87,1
DA:88,0
DA:89,0
DA:91,0
DA:94,0
DA:97,1
DA:98,1
LF:48
LH:43
BRDA:22,0,0,2
BRDA:22,0,1,2
BRDA:22,0,2,2
BRDA:22,0,3,1
BRDA:30,1,0,1
BRDA:30,1,1,1
BRDA:37,2,0,0
BRDA:37,2,1,7
BRDA:46,3,0,1
BRDA:68,4,0,1
BRDA:68,4,1,1
BRDA:72,5,0,1
BRDA:85,6,0,1
BRDA:85,6,1,0
BRDA:86,7,0,1
BRDA:86,7,1,0
BRDA:86,8,0,1
BRDA:86,8,1,1
BRDA:88,9,0,0
BRDA:88,9,1,0
BRDA:88,10,0,0
BRDA:88,10,1,0
BRDA:97,11,0,1
BRF:23
BRH:16
end_of_record
